[
 {
  "category": "science",
  "articles": [
   {
    "title": "Among the Stars chronicles daring space mission to repair physics experiment - Ars Technica",
    "url": "https://arstechnica.com/science/2021/10/among-the-stars-chronicles-daring-space-mission-to-repair-physics-experiment/"
   },
   {
    "title": "NASA reassigns 2 astronauts from Boeing's Starliner to SpaceX's Crew Dragon - Space.com",
    "url": "https://www.space.com/nasa-reassigns-astronauts-boeing-spacex"
   },
   {
    "title": "Burial that included a racy love goddess inscription held multiple people - Livescience.com",
    "url": "https://www.livescience.com/tomb-nestors-cup-multiple-individuals"
   },
   {
    "title": "Creepy New Drone That Walks and Flies Is a Robopocalypse Nightmare Come True - Gizmodo",
    "url": "https://gizmodo.com/creepy-new-drone-that-walks-and-flies-is-a-robopocalyps-1847809268"
   },
   {
    "title": "A Stargazer's Guide to the Draconid Meteor Shower: Here's When It Will Peak and How to Watch - Yahoo Entertainment",
    "url": "https://news.google.com/__i/rss/rd/articles/CBMiWmh0dHBzOi8vd3d3LnlhaG9vLmNvbS9lbnRlcnRhaW5tZW50L3N0YXJnYXplcnMtZ3VpZGUtZHJhY29uaWQtbWV0ZW9yLXNob3dlci0xNjQ2MDMwMTIuaHRtbNIBYmh0dHBzOi8vd3d3LnlhaG9vLmNvbS9hbXBodG1sL2VudGVydGFpbm1lbnQvc3RhcmdhemVycy1ndWlkZS1kcmFjb25pZC1tZXRlb3Itc2hvd2VyLTE2NDYwMzAxMi5odG1s?oc=5"
   },
   {
    "title": "Work on Artemis I Orion nears completion, other Orions make progress - NASASpaceFlight.com - NASASpaceflight.com",
    "url": "https://www.nasaspaceflight.com/2021/10/orion-update-oct-2021/"
   },
   {
    "title": "Scientists discover \"once-in-a-generation\" fossilized water bear in 16-million-year-old amber - CBS News",
    "url": "https://www.cbsnews.com/news/scientists-fossilized-tardigrade-water-bear-amber/"
   },
   {
    "title": "Early human activities impacted Earth's atmosphere more than previously known - Phys.org",
    "url": "https://phys.org/news/2021-10-early-human-impacted-earth-atmosphere.html"
   },
   {
    "title": "Here's the History Behind Scientists' Recent Discovery of a Prehistoric Peacock - Martha Stewart",
    "url": "https://www.marthastewart.com/8164967/prehistoric-peacock-discovery-new-study-october-2021"
   },
   {
    "title": "Hellish Venus poses many mysteries. New spacecraft aim to solve them. - National Geographic",
    "url": "https://www.nationalgeographic.com/science/article/hellish-venus-poses-many-mysteries-new-spacecraft-aim-to-solve-them"
   },
   {
    "title": "NASA Invites Media to Webb Telescope Launch Coverage Discussion - NASA",
    "url": "https://www.nasa.gov/press-release/nasa-invites-media-to-webb-telescope-launch-coverage-discussion/"
   },
   {
    "title": "NASA to launch \"Armageddon\"-style mission to deliberately crash into an asteroid's moon and test \"planetary defense\" - CBS News",
    "url": "https://www.cbsnews.com/news/nasa-dart-mission-crash-asteroid-moon-planetary-defense/"
   },
   {
    "title": "Is it an asteroid or comet? This strange solar system object is actually both. - Space.com",
    "url": "https://www.space.com/asteroid-comet-both-2005-qn173"
   },
   {
    "title": "Newfound 'chief dragon' dinosaur species was actually the size of a chicken - Livescience.com",
    "url": "https://www.livescience.com/oldest-uk-meat-eating-dinosaur"
   },
   {
    "title": "Catalysts found to convert carbon dioxide to fuel - Phys.org",
    "url": "https://phys.org/news/2021-10-catalysts-carbon-dioxide-fuel.html"
   },
   {
    "title": "Extinction and origination patterns change after mass extinctions - Phys.org",
    "url": "https://phys.org/news/2021-10-extinction-patterns-mass-extinctions.html"
   },
   {
    "title": "NASA’s Lucy Mission To Explore the Jupiter Trojan Asteroids – “It’s Almost Like We’re Traveling Back in Time” - SciTechDaily",
    "url": "https://scitechdaily.com/nasas-lucy-mission-to-explore-the-jupiter-trojan-asteroids-its-almost-like-were-traveling-back-in-time/"
   },
   {
    "title": "Newly created hydrogel tablet can rapidly purify contaminated water - Tech Explorist",
    "url": "https://www.techexplorist.com/newly-created-hydrogel-tablet-rapidly-purify-contaminated-water/41616/"
   },
   {
    "title": "Pluto's Atmosphere Is Slowly Vanishing, Scientists Discover - ScienceAlert",
    "url": "https://www.sciencealert.com/pluto-s-atmosphere-is-slowly-disappearing-scientists-suggest"
   },
   {
    "title": "Terrawatch: how climate change alters impact of volcanic eruptions - The Guardian",
    "url": "https://amp.theguardian.com/science/2021/oct/06/terrawatch-how-climate-change-alters-impact-of-volcanic-eruptions"
   }
  ]
 },
 {
  "category": "health",
  "articles": [
   {
    "title": "World's first malaria vaccine gets WHO recommendation : Goats and Soda - NPR",
    "url": "https://www.npr.org/sections/goatsandsoda/2021/10/06/1010998517/who-greenlights-the-worlds-first-malaria-vaccine-but-its-not-a-perfect-shot"
   },
   {
    "title": "Antibody levels decrease after two doses of Pfizer vaccine - study - The Jerusalem Post",
    "url": "https://www.jpost.com/health-and-wellness/coronavirus/antibody-levels-decrease-after-two-doses-of-pfizer-vaccine-study-681260"
   },
   {
    "title": "Myocarditis after BNT162b2 mRNA Vaccine against Covid-19 in Israel | NEJM - nejm.org",
    "url": "https://www.nejm.org/doi/full/10.1056/NEJMoa2109730"
   },
   {
    "title": "Waning Immune Humoral Response to BNT162b2 Covid-19 Vaccine over 6 Months | NEJM - nejm.org",
    "url": "https://www.nejm.org/doi/full/10.1056/NEJMoa2114583"
   },
   {
    "title": "CDC director warns the U.S. is at risk of a severe flu season this year - CNBC",
    "url": "https://www.cnbc.com/2021/10/06/cdc-director-warns-the-us-is-at-risk-of-a-severe-flu-season-this-year.html"
   },
   {
    "title": "Springfield-Greene Co. Health Dept. reports first death of child in Greene County from COVID-19 - KY3",
    "url": "https://www.ky3.com/2021/10/06/springfield-greene-co-health-dept-reports-first-death-child-greene-county-covid-19/"
   },
   {
    "title": "How the once-feared mu variant all but disappeared - Salon",
    "url": "https://www.salon.com/2021/10/06/how-the-once-feared-mu-variant-all-but-disappeared/"
   },
   {
    "title": "For Unvaccinated, COVID Reinfection Is Likely – “Can Happen in Three Months or Less” - SciTechDaily",
    "url": "https://scitechdaily.com/for-unvaccinated-covid-reinfection-is-likely-can-happen-in-three-months-or-less/"
   },
   {
    "title": "Los Angeles Approves One Of Strictest U.S. Vaccination Mandates - HuffPost",
    "url": "https://www.huffpost.com/entry/los-angeles-approves-one-of-strictest-us-vaccination-mandates_n_615defd7e4b06f0ef28bca2a"
   },
   {
    "title": "Michigan COVID: Here's what to know Oct. 6, 2021 - WDIV ClickOnDetroit",
    "url": "https://www.clickondetroit.com/health/2021/10/06/michigan-covid-heres-what-to-know-oct-6-2021/"
   },
   {
    "title": "Pink charity costumes revealed for Street Fighter 5; proceeds to go to Breast Cancer Research Foundation - EventHubs",
    "url": "https://www.eventhubs.com/news/2021/oct/06/charity-costumes-sf5-cancer-research/"
   },
   {
    "title": "Scandinavians curb Moderna shots for some younger patients - Minneapolis Star Tribune",
    "url": "https://www.startribune.com/scandinavians-curb-moderna-shots-for-some-younger-patients/600104100/"
   },
   {
    "title": "Italy says mRNA COVID jab effectiveness stable after 7 months, but not for all - Yahoo News",
    "url": "https://news.yahoo.com/italy-says-mrna-covid-jab-164735356.html"
   },
   {
    "title": "Colorado hospital system denies organ transplants to unvaccinated patients - New York Post ",
    "url": "https://nypost.com/2021/10/06/colorado-hospitals-deny-organ-transplants-to-unvaccinated/"
   },
   {
    "title": "Sweden, Denmark pause Moderna COVID jabs for younger age groups - Al Jazeera English",
    "url": "https://www.aljazeera.com/news/2021/10/6/sweden-denmark-pause-moderna-covid-jabs-for-younger-age-groups"
   },
   {
    "title": "I lost over 100 pounds on the keto diet, but it totally destroyed my relationship with food - Yahoo! Voices",
    "url": "https://www.insider.com/big-ways-keto-ruined-my-relationship-with-food-2021-9"
   },
   {
    "title": "People with substance use disorders may be at higher risk for SARS-CoV-2 breakthrough infections - National Institutes of Health",
    "url": "https://www.nih.gov/news-events/news-releases/people-substance-use-disorders-may-be-higher-risk-sars-cov-2-breakthrough-infections"
   },
   {
    "title": "A census of cell types in the brain's motor cortex - Nature.com",
    "url": "https://www.nature.com/articles/d41586-021-02493-8"
   },
   {
    "title": "Livelihoods destroyed by pandemic in Brazil | COVID-19 Special - DW News",
    "url": "https://www.youtube.com/watch?v=Hvtcw_TSZsY"
   },
   {
    "title": "Let’s Talk Breasts: Mary J. Blige, Dr. Arlene Richardson, And Linda Goler Blount Discuss The Importance of Preventative Care - Yahoo Lifestyle",
    "url": "https://www.yahoo.com/lifestyle/let-talk-breasts-mary-j-135315517.html"
   }
  ]
 },
 {
  "category": "general",
  "articles": [
   {
    "title": "Facebook whistleblower Frances Haugen: Lawyer John Tye says there's 'more to come' - The Washington Post",
    "url": "https://www.washingtonpost.com/technology/2021/10/06/frances-haugen-john-tye-facebook-whistleblower/"
   },
   {
    "title": "World's first malaria vaccine gets WHO recommendation : Goats and Soda - NPR",
    "url": "https://www.npr.org/sections/goatsandsoda/2021/10/06/1010998517/who-greenlights-the-worlds-first-malaria-vaccine-but-its-not-a-perfect-shot"
   },
   {
    "title": "Windows 11 is causing performance issues for some AMD Ryzen processors - The Verge",
    "url": "https://www.theverge.com/2021/10/6/22713310/windows-11-amd-ryzen-processors-performance-issues-software-update-october"
   },
   {
    "title": "Packers Pursuing LB Jaylon Smith - profootballrumors.com",
    "url": "https://www.profootballrumors.com/2021/10/packers-pursuing-lb-jaylon-smith"
   },
   {
    "title": "Biden and Chinese President Xi agree in principle to hold virtual meeting - CNN",
    "url": "https://www.cnn.com/2021/10/06/politics/biden-xi-virtual-meeting/index.html"
   },
   {
    "title": "Myocarditis after BNT162b2 mRNA Vaccine against Covid-19 in Israel | NEJM - nejm.org",
    "url": "https://www.nejm.org/doi/full/10.1056/NEJMoa2109730"
   },
   {
    "title": "Take a peek inside Steam Deck with Valve's latest promotional video - Eurogamer.net",
    "url": "https://www.eurogamer.net/articles/2021-10-06-take-a-peek-inside-steam-deck-with-valves-latest-video"
   },
   {
    "title": "It's unclear just how bad the Twitch data leak is - NPR",
    "url": "https://www.npr.org/2021/10/06/1043735239/twitch-data-breach-hack"
   },
   {
    "title": "Antisemitic Graffiti Found at Auschwitz - The New York Times",
    "url": "https://www.nytimes.com/2021/10/06/world/europe/auschwitz-antisemitism-graffiti.html"
   },
   {
    "title": "College Admissions Cheating Case Heads to Jury - The Wall Street Journal",
    "url": "https://www.wsj.com/articles/college-admissions-cheating-case-heads-to-jury-11633550032"
   },
   {
    "title": "Rege-Jean Page cuts a dapper figure in a black suit as he attends The Harder They Fall premiere - Daily Mail",
    "url": "https://www.dailymail.co.uk/tvshowbiz/article-10066243/Rege-Jean-Page-cuts-dapper-figure-black-suit-attends-Harder-Fall-premiere.html"
   },
   {
    "title": "Senate Republicans Offer to Allow Debt Ceiling Increase Until December - The New York Times",
    "url": "https://www.nytimes.com/2021/10/06/us/politics/debt-ceiling-congress-republicans.html"
   },
   {
    "title": "Los Angeles Approves One Of Strictest U.S. Vaccination Mandates - HuffPost",
    "url": "https://www.huffpost.com/entry/los-angeles-approves-one-of-strictest-us-vaccination-mandates_n_615defd7e4b06f0ef28bca2a"
   },
   {
    "title": "NASA reassigns 2 astronauts from Boeing's Starliner to SpaceX's Crew Dragon - Space.com",
    "url": "https://www.space.com/nasa-reassigns-astronauts-boeing-spacex"
   },
   {
    "title": "Idaho lieutenant governor bans vaccine mandates while governor out of state - The Guardian",
    "url": "https://amp.theguardian.com/us-news/2021/oct/06/idaho-janice-mcgeachin-lieutenant-governor-brad-little"
   },
   {
    "title": "Emily VanCamp Finally Explains Her Exit From The Resident - E! NEWS",
    "url": "https://www.eonline.com/news/1305037/emily-vancamp-finally-explains-her-exit-from-the-resident"
   },
   {
    "title": "Biden drops to 38% approval in new national poll - Fox News",
    "url": "https://www.foxnews.com/politics/biden-drops-to-38-approval-in-new-national-poll"
   },
   {
    "title": "Fantasy football flex and superflex rankings for Week 5 - ESPN",
    "url": "https://www.espn.com/fantasy/football/insider/story/_/id/32347989/fantasy-football-flex-superflex-rankings-week-5"
   },
   {
    "title": "1 Of 4 Timberview HS Shooting Victims Critical, Suspect Timothy Simpkins In Custody - CBS Dallas / Fort Worth",
    "url": "https://dfw.cbslocal.com/2021/10/06/possible-shooting-at-timberview-high-school-in-arlington/"
   },
   {
    "title": "Dodgers' NL Wild Card roster announced - MLB.com",
    "url": "https://www.mlb.com/news/dodgers-2021-nl-wild-card-roster"
   }
  ]
 },
 {
  "category": "business",
  "articles": [
   {
    "title": "Dow Jones Futures: Market Rallies On McConnell Debt Limit Offer; Affirm Soars, Bitcoin Tops $55,000 - Investor's Business Daily",
    "url": "https://www.investors.com/market-trend/stock-market-today/dow-jones-futures-market-rallies-mcconnell-debt-limit-offer-affirm-explodes-bitcoin-jumps/"
   },
   {
    "title": "Deputy Attorney General Lisa O. Monaco Announces National Cryptocurrency Enforcement Team - Department of Justice",
    "url": "https://www.justice.gov/opa/pr/deputy-attorney-general-lisa-o-monaco-announces-national-cryptocurrency-enforcement-team"
   },
   {
    "title": "Raising Cane's putting corporate staff to work as fry cooks, cashiers - KABC-TV",
    "url": "https://abc7.com/raising-cains-fast-food-worker-shortage-hiring/11090795/"
   },
   {
    "title": "Jim Cramer on his 'best in breed' stocks - CNBC Television",
    "url": "https://www.youtube.com/watch?v=_SbRo_4knuw"
   },
   {
    "title": "Moderna's Vaccine Profits Land 3 on Forbes List of U.S. Richest - The New York Times",
    "url": "https://www.nytimes.com/2021/10/06/business/moderna-forbes-400-list.html"
   },
   {
    "title": "Kellogg's cereal workers go on strike at all US cereal plants - The Washington Post",
    "url": "https://www.washingtonpost.com/business/2021/10/06/kelloggs-strike-cereal-plants/"
   },
   {
    "title": "Twitter Enters into Definitive Agreement to Sell MoPub to AppLovin for $1.05 Billion in Cash - PRNewswire",
    "url": "https://www.prnewswire.com/news-releases/twitter-enters-into-definitive-agreement-to-sell-mopub-to-applovin-for-1-05-billion-in-cash-301394571.html"
   },
   {
    "title": "Levi Strauss earnings beat as new denim styles drive sales growth, retailer raises outlook - CNBC",
    "url": "https://www.cnbc.com/2021/10/06/levi-strauss-co-levi-q3-2021-earnings.html"
   },
   {
    "title": "AT\u0026T is reportedly One America News' primary financial backer - Engadget",
    "url": "https://www.engadget.com/att-oan-financial-backing-200155294.html"
   },
   {
    "title": "US considering releasing emergency oil reserves to lower gas prices, Granholm says - Fox Business",
    "url": "https://www.foxbusiness.com/markets/us-emergency-oil-reserves-lower-gas-prices-granholm"
   },
   {
    "title": "Former Theranos lab director 'grilled' over course of six days in trial of Elizabeth Holmes - CNN",
    "url": "https://www.cnn.com/2021/10/06/tech/elizabeth-holmes-trial-adam-rosendorff-lab-director/index.html"
   },
   {
    "title": "FDA says hand sanitizer brand may be contaminated with cancerous chemicals - Fox Business",
    "url": "https://www.foxbusiness.com/lifestyle/fda-sanitzer-warning-cancer-chemicals-recall"
   },
   {
    "title": "Bitcoin soars to five-month high on seasonal factors, Soros news - Reuters",
    "url": "https://www.reuters.com/technology/bitcoin-hits-strongest-level-since-may-2021-10-06/"
   },
   {
    "title": "Company recalls 5,000 pounds of lobster meat distributed to New Hampshire, around U.S. - WMUR Manchester",
    "url": "https://www.wmur.com/article/new-hampshire-lobster-meat-recall-oct-6-2021/37883753"
   },
   {
    "title": "Merck’s COVID-19 pill could carry serious safety concerns, scientists warn - Fox News",
    "url": "https://www.foxnews.com/health/merck-pill-oral-covid-treatment"
   },
   {
    "title": "'Shiba Is Better' Than Dogecoin: Popular Crypto Influencer Flips On SHIB - Benzinga - Benzinga",
    "url": "https://www.benzinga.com/markets/cryptocurrency/21/10/23265320/shiba-is-better-than-dogecoin-popular-crypto-influencer-flips-on-shib"
   },
   {
    "title": "Activist group Jana calls on Macy's to spin off its e-commerce business to fetch higher valuation, report says - CNBC",
    "url": "https://www.cnbc.com/2021/10/06/activist-group-jana-calls-on-macys-to-spin-off-e-commerce-biz-report.html"
   },
   {
    "title": "Even with current drive to renewables, CO2 emissions will grow through 2050, says U.S. government - CNBC",
    "url": "https://www.cnbc.com/2021/10/06/us-eia-projections-on-energy-usage-and-carbon-emissions-in-2050.html"
   },
   {
    "title": "Google Maps will now help travelers find the most eco-friendly route - CNN",
    "url": "https://www.cnn.com/2021/10/06/tech/google-maps-flights-sustainability/index.html"
   },
   {
    "title": "Sweden, Denmark hit pause on Moderna vaccine for younger groups | TheHill - The Hill",
    "url": "https://thehill.com/policy/healthcare/575532-sweden-denmark-hit-pause-on-moderna-vaccine-for-younger-groups"
   }
  ]
 },
 {
  "category": "technology",
  "articles": [
   {
    "title": "Yahtzee and Nick Play Kena: Bridge of Spirits | Post-ZP Stream - The Escapist",
    "url": "https://www.youtube.com/watch?v=rbmFOP-wlFQ"
   },
   {
    "title": "Windows 11 is causing performance issues for some AMD Ryzen processors - The Verge",
    "url": "https://www.theverge.com/2021/10/6/22713310/windows-11-amd-ryzen-processors-performance-issues-software-update-october"
   },
   {
    "title": "Kingdom Hearts: 20th Anniversary - Official Nintendo Switch Trailer - IGN",
    "url": "https://www.youtube.com/watch?v=eIHkQR5nq58"
   },
   {
    "title": "Take a peek inside Steam Deck with Valve's latest promotional video - Eurogamer.net",
    "url": "https://www.eurogamer.net/articles/2021-10-06-take-a-peek-inside-steam-deck-with-valves-latest-video"
   },
   {
    "title": "iPhone 13: The iOS 15 trick that gets you free iCloud storage - CNET",
    "url": "https://www.cnet.com/tech/mobile/iphone-13-ios-15-trick-that-gets-you-free-icloud-storage/"
   },
   {
    "title": "It's unclear just how bad the Twitch data leak is - NPR",
    "url": "https://www.npr.org/2021/10/06/1043735239/twitch-data-breach-hack"
   },
   {
    "title": "Firmware update brings new Conversation Boost feature to AirPods Pro - Ars Technica",
    "url": "https://arstechnica.com/gadgets/2021/10/airpods-pro-firmware-update-makes-finding-lost-earbuds-easier/"
   },
   {
    "title": "Apple says apps must offer a way to delete your account starting in early 2022 - Engadget",
    "url": "https://www.engadget.com/apple-app-store-ios-developers-delete-account-report-193119525.html"
   },
   {
    "title": "Metroid Dread – Let's Play from the Beginning *being chased by the E.M.M.I is terrifying* - Nintendo",
    "url": "https://www.youtube.com/watch?v=VCG6nxttRp0"
   },
   {
    "title": "Battlefield 2042 Q\u0026A with DICE – Character Progression Changes Discussed, Player Visibility Concerns Acknowledged and More - Wccftech",
    "url": "https://wccftech.com/battlefield-2042-qa-with-dice/"
   },
   {
    "title": "Ford Has A New Mustang Trim For 2022 To Separate You From Your Money - Jalopnik",
    "url": "https://jalopnik.com/ford-has-a-new-mustang-trim-for-2022-to-separate-you-fr-1847810800"
   },
   {
    "title": "Everything New in iOS 15.1 Beta 3: ProRes Video and Macro Mode Toggle for iPhone 13 Pro Users - MacRumors",
    "url": "https://www.macrumors.com/2021/10/06/everything-new-ios-15-1-beta-3/"
   },
   {
    "title": "100+ Free Battlefield 2042 Beta Codes for Early Access (Regularly Updated) - Gaming INTEL",
    "url": "https://gamingintel.com/free-battlefield-2042-beta-codes-early-access/"
   },
   {
    "title": "Samsung Enabled Android 12's Best Feature in New One UI Beta - Droid Life",
    "url": "https://www.droid-life.com/2021/10/06/were-glad-to-see-android-12s-theme-engine-in-samsungs-latest-one-ui-beta/"
   },
   {
    "title": "iOS 15 Features, Tips, and Tricks You Probably Don't Know - MacRumors",
    "url": "https://www.macrumors.com/guide/ios-15-tips-and-tricks/"
   },
   {
    "title": "Microsoft Offers TPM 2.0 Bypass to Install Windows 11 on Unsupported PCs - PCMag",
    "url": "https://www.pcmag.com/news/microsoft-offers-tpm-20-bypass-to-install-windows-11-on-unsupported-pcs"
   },
   {
    "title": "Nokia T20 is a $250, 10.4-inch Android tablet with a big battery - Ars Technica",
    "url": "https://arstechnica.com/gadgets/2021/10/nokia-t20-is-a-250-10-4-inch-android-tablet-with-a-big-battery/"
   },
   {
    "title": "Nintendo will reveal Animal Crossing’s next big update on October 15th - The Verge",
    "url": "https://www.theverge.com/2021/10/6/22712781/animal-crossing-new-horizons-nintendo-direct-october-cafe"
   },
   {
    "title": "Grounded: Hot and Hazy Update Preview: Obsidian Gets Back to its RPG Roots - IGN",
    "url": "https://www.youtube.com/watch?v=g7GDPXQDMlE"
   },
   {
    "title": "Android 12 is here, but it shouldn’t be - TechRadar",
    "url": "https://www.techradar.com/news/android-12-is-here-but-it-shouldnt-be"
   }
  ]
 }
]